#
# There is insufficient memory for the Java Runtime Environment to continue.
# Native memory allocation (mmap) failed to map 54525952 bytes for committing reserved memory.
# Possible reasons:
#   The system is out of physical RAM or swap space
#   In 32 bit mode, the process size limit was hit
# Possible solutions:
#   Reduce memory load on the system
#   Increase physical memory or swap space
#   Check if swap backing store is full
#   Use 64 bit Java on a 64 bit OS
#   Decrease Java heap size (-Xmx/-Xms)
#   Decrease number of Java threads
#   Decrease Java thread stack sizes (-Xss)
#   Set larger code cache with -XX:ReservedCodeCacheSize=
# This output file may be truncated or incomplete.
#
#  Out of Memory Error (os_linux.cpp:2760), pid=23289, tid=0x00007f237545a700
#
# JRE version: OpenJDK Runtime Environment (8.0_181-b15) (build 1.8.0_181-b15)
# Java VM: OpenJDK 64-Bit Server VM (25.181-b15 mixed mode linux-amd64 compressed oops)
# Core dump written. Default location: /home/aly/firstnthirds/firstnthirds-team-api/core or core.23289
#

---------------  T H R E A D  ---------------

Current thread (0x00007f2388159000):  VMThread [stack: 0x00007f237535b000,0x00007f237545b000] [id=23297]

Stack: [0x00007f237535b000,0x00007f237545b000],  sp=0x00007f2375459450,  free space=1017k
Native frames: (J=compiled Java code, j=interpreted, Vv=VM code, C=native code)
V  [libjvm.so+0xae6c79]  VMError::report_and_die()+0x1c9
V  [libjvm.so+0x4e989f]